<?xml version="1.0" encoding="UTF-8"?>
<!-- Generated by org.testng.reporters.JUnitXMLReporter -->
<testsuite hostname="Magi-PC" ignored="0" name="Default test" tests="3" failures="0" timestamp="02 Apr 2020 20:41:09 GMT" time="22.351" errors="0">
  <testcase name="addAllProductsToCartTest" time="13.564" classname="tests.CartTest"/>
  <testcase name="checkTheTotalPriceTest" time="0.528" classname="tests.CartTest"/>
  <testcase name="clearTheCookiesTest" time="0.515" classname="tests.CartTest"/>
</testsuite> <!-- Default test -->
