<?xml version="1.0" encoding="UTF-8"?>
<testng-results skipped="0" failed="0" ignored="0" total="1" passed="1">
  <reporter-output>
  </reporter-output>
  <suite name="Default suite" duration-ms="67223" started-at="2020-03-31T21:28:57Z" finished-at="2020-03-31T21:30:05Z">
    <groups>
    </groups>
    <test name="Default test" duration-ms="67223" started-at="2020-03-31T21:28:57Z" finished-at="2020-03-31T21:30:05Z">
      <class name="tests.SignInTest$RegistrationTest">
        <test-method status="PASS" signature="setup()[pri:0, instance:tests.SignInTest$RegistrationTest@523884b2]" name="setup" is-config="true" duration-ms="6798" started-at="2020-03-31T21:28:57Z" finished-at="2020-03-31T21:29:04Z">
          <reporter-output>
          </reporter-output>
        </test-method> <!-- setup -->
        <test-method status="PASS" signature="logInTest()[pri:0, instance:tests.SignInTest$RegistrationTest@523884b2]" name="logInTest" duration-ms="58280" started-at="2020-03-31T21:29:04Z" finished-at="2020-03-31T21:30:02Z">
          <reporter-output>
          </reporter-output>
        </test-method> <!-- logInTest -->
        <test-method status="PASS" signature="afterClass()[pri:0, instance:tests.SignInTest$RegistrationTest@523884b2]" name="afterClass" is-config="true" duration-ms="2110" started-at="2020-03-31T21:30:02Z" finished-at="2020-03-31T21:30:05Z">
          <reporter-output>
          </reporter-output>
        </test-method> <!-- afterClass -->
      </class> <!-- tests.SignInTest$RegistrationTest -->
    </test> <!-- Default test -->
  </suite> <!-- Default suite -->
</testng-results>
